<?xml version="1.0" encoding="UTF-8"?>
<!-- Generated by org.testng.reporters.JUnitReportReporter -->
<testsuite hostname="lenovo" name="com.qtpselenium.facebook.pom.testcases.ProfileTest" tests="1" failures="0" timestamp="29 Oct 2016 20:06:06 GMT" time="33.672" errors="0">
  <testcase name="profileTest" time="33.672" classname="com.qtpselenium.facebook.pom.testcases.ProfileTest"/>
</testsuite> <!-- com.qtpselenium.facebook.pom.testcases.ProfileTest -->
