<?xml version="1.0" encoding="UTF-8"?>
<!-- Generated by org.testng.reporters.JUnitReportReporter -->
<testsuite hostname="lenovo" name="com.qtpselenium.facebook.pom.rough.Demo" tests="2" failures="0" timestamp="28 Oct 2016 10:17:08 GMT" time="0.017" errors="0">
  <testcase name="loginTest" time="0.004" classname="com.qtpselenium.facebook.pom.rough.Demo"/>
  <testcase name="loginTest" time="0.013" classname="com.qtpselenium.facebook.pom.rough.Demo"/>
</testsuite> <!-- com.qtpselenium.facebook.pom.rough.Demo -->
