<?xml version="1.0" encoding="UTF-8"?>
<!-- Generated by org.testng.reporters.JUnitReportReporter -->
<testsuite hostname="lenovo" name="com.qtpselenium.facebook.pom.testcases.ChangePasswordTest" tests="1" failures="0" timestamp="29 Oct 2016 20:39:45 GMT" time="33.362" errors="0">
  <testcase name="changePasswordTest" time="33.362" classname="com.qtpselenium.facebook.pom.testcases.ChangePasswordTest"/>
</testsuite> <!-- com.qtpselenium.facebook.pom.testcases.ChangePasswordTest -->
