<?xml version="1.0" encoding="UTF-8"?>
<!-- Generated by org.testng.reporters.JUnitReportReporter -->
<testsuite hostname="lenovo" name="com.qtpselenium.facebook.pom.testcases.LoginTest" tests="2" failures="0" timestamp="29 Oct 2016 20:39:45 GMT" time="37.613" errors="0">
  <testcase name="loginTest" time="17.673" classname="com.qtpselenium.facebook.pom.testcases.LoginTest"/>
  <testcase name="loginTest" time="19.940" classname="com.qtpselenium.facebook.pom.testcases.LoginTest"/>
</testsuite> <!-- com.qtpselenium.facebook.pom.testcases.LoginTest -->
